<?xml version="1.0" encoding="UTF-8"?>
<!-- Generated by org.testng.reporters.JUnitXMLReporter -->
<testsuite ignored="0" hostname="DESKTOP-5VGD0PP" failures="0" tests="6" name="Default test" time="32.622" errors="0" timestamp="2024-05-26T14:18:37 IST">
  <testcase classname="Testcase.MakeMytripSearch" name="SearchFlightWithValidCountry" time="7.735"/>
  <testcase classname="Testcase.MakeMytripSearch" name="SearchFlightWithValidCountry" time="7.137"/>
  <testcase classname="Testcase.MakeMytripSearch" name="SearchFlightWithValidCountry" time="8.663"/>
  <testcase classname="Testcase.MakeMytripSearch" name="SameCityErroValidation" time="2.254"/>
  <testcase classname="Testcase.MakeMytripSearch" name="SameCityErroValidation" time="1.02"/>
  <testcase classname="Testcase.MakeMytripSearch" name="SameCityErroValidation" time="1.23"/>
</testsuite> <!-- Default test -->
