<?xml version="1.0" encoding="UTF-8"?>
<!-- Generated by org.testng.reporters.JUnitXMLReporter -->
<testsuite ignored="0" hostname="DESKTOP-5VGD0PP" failures="0" tests="8" name="Test" time="97.319" errors="0" timestamp="2024-05-26T13:53:04 IST">
  <testcase classname="Testcase.MakeMytripSearch" name="SearchFlightWithValidCountry" time="6.644"/>
  <testcase classname="Testcase.MakeMytripSearch" name="SearchFlightWithValidCountry" time="6.161"/>
  <testcase classname="Testcase.MakeMytripSearch" name="SearchFlightWithValidCountry" time="8.394"/>
  <testcase classname="Testcase.MakeMytripSearch" name="SameCityErroValidation" time="1.811"/>
  <testcase classname="Testcase.MakeMytripSearch" name="SameCityErroValidation" time="0.896"/>
  <testcase classname="Testcase.MakeMytripSearch" name="SameCityErroValidation" time="1.087"/>
  <testcase classname="Testcase.MakeMytriproundTrip" name="SearchFlightWithValidCountry" time="4.432"/>
  <testcase classname="Testcase.MakeMytriproundTrip" name="SameCityErroValidation" time="2.577"/>
</testsuite> <!-- Test -->
