<?xml version="1.0" encoding="UTF-8"?>
<!-- Generated by org.testng.reporters.JUnitXMLReporter -->
<testsuite ignored="0" hostname="DESKTOP-5VGD0PP" failures="0" tests="8" name="Test" time="96.558" errors="0" timestamp="2024-05-26T14:03:07 IST">
  <testcase classname="Testcase.MakeMytripSearch" name="SearchFlightWithValidCountry" time="4.962"/>
  <testcase classname="Testcase.MakeMytripSearch" name="SearchFlightWithValidCountry" time="8.206"/>
  <testcase classname="Testcase.MakeMytripSearch" name="SearchFlightWithValidCountry" time="8.845"/>
  <testcase classname="Testcase.MakeMytripSearch" name="SameCityErroValidation" time="1.794"/>
  <testcase classname="Testcase.MakeMytripSearch" name="SameCityErroValidation" time="0.754"/>
  <testcase classname="Testcase.MakeMytripSearch" name="SameCityErroValidation" time="0.892"/>
  <testcase classname="Testcase.MakeMytriproundTrip" name="SearchFlightWithValidCountry" time="3.61"/>
  <testcase classname="Testcase.MakeMytriproundTrip" name="SameCityErroValidation" time="2.604"/>
</testsuite> <!-- Test -->
