<?xml version="1.0" encoding="UTF-8"?>
<testng-results ignored="0" total="6" passed="6" failed="0" skipped="0">
  <reporter-output>
  </reporter-output>
  <suite started-at="2024-05-26T14:18:05 IST" name="Default suite" finished-at="2024-05-26T14:18:37 IST" duration-ms="32622">
    <groups>
    </groups>
    <test started-at="2024-05-26T14:18:05 IST" name="Default test" finished-at="2024-05-26T14:18:37 IST" duration-ms="32622">
      <class name="Testcase.MakeMytripSearch">
        <test-method is-config="true" signature="Launch()[pri:0, instance:Testcase.MakeMytripSearch@557caf28]" started-at="2024-05-26T14:18:03 IST" name="Launch" finished-at="2024-05-26T14:18:05 IST" duration-ms="1817" status="PASS">
          <reporter-output>
          </reporter-output>
        </test-method> <!-- Launch -->
        <test-method is-config="true" signature="EnterURL()[pri:0, instance:Testcase.MakeMytripSearch@557caf28]" started-at="2024-05-26T14:18:05 IST" name="EnterURL" finished-at="2024-05-26T14:18:08 IST" duration-ms="3472" status="PASS">
          <reporter-output>
          </reporter-output>
        </test-method> <!-- EnterURL -->
        <test-method is-config="true" signature="Closepopup()[pri:0, instance:Testcase.MakeMytripSearch@557caf28]" started-at="2024-05-26T14:18:08 IST" name="Closepopup" finished-at="2024-05-26T14:18:09 IST" duration-ms="431" status="PASS">
          <reporter-output>
          </reporter-output>
        </test-method> <!-- Closepopup -->
        <test-method signature="SearchFlightWithValidCountry(java.lang.String,java.lang.String,java.lang.String,java.lang.String)[pri:0, instance:Testcase.MakeMytripSearch@557caf28]" started-at="2024-05-26T14:18:09 IST" name="SearchFlightWithValidCountry" data-provider="GetValidSearchData" finished-at="2024-05-26T14:18:17 IST" duration-ms="7735" status="PASS">
          <params>
            <param index="0">
              <value>
                <![CDATA[PNQ]]>
              </value>
            </param>
            <param index="1">
              <value>
                <![CDATA[MAA]]>
              </value>
            </param>
            <param index="2">
              <value>
                <![CDATA[13]]>
              </value>
            </param>
            <param index="3">
              <value>
                <![CDATA[3]]>
              </value>
            </param>
          </params>
          <reporter-output>
          </reporter-output>
        </test-method> <!-- SearchFlightWithValidCountry -->
        <test-method is-config="true" signature="WriteInReport(org.testng.ITestResult)[pri:0, instance:Testcase.MakeMytripSearch@557caf28]" started-at="2024-05-26T14:18:17 IST" name="WriteInReport" finished-at="2024-05-26T14:18:17 IST" duration-ms="5" status="PASS">
          <params>
            <param index="0">
              <value>
                <![CDATA[[TestResult name=SearchFlightWithValidCountry status=SUCCESS method=MakeMytripSearch.SearchFlightWithValidCountry(java.lang.String,java.lang.String,java.lang.String,java.lang.String)[pri:0, instance:Testcase.MakeMytripSearch@557caf28] output={null}]]]>
              </value>
            </param>
          </params>
          <reporter-output>
          </reporter-output>
        </test-method> <!-- WriteInReport -->
        <test-method signature="SearchFlightWithValidCountry(java.lang.String,java.lang.String,java.lang.String,java.lang.String)[pri:0, instance:Testcase.MakeMytripSearch@557caf28]" started-at="2024-05-26T14:18:17 IST" name="SearchFlightWithValidCountry" data-provider="GetValidSearchData" finished-at="2024-05-26T14:18:24 IST" duration-ms="7137" status="PASS">
          <params>
            <param index="0">
              <value>
                <![CDATA[MAA]]>
              </value>
            </param>
            <param index="1">
              <value>
                <![CDATA[BOM]]>
              </value>
            </param>
            <param index="2">
              <value>
                <![CDATA[25]]>
              </value>
            </param>
            <param index="3">
              <value>
                <![CDATA[7]]>
              </value>
            </param>
          </params>
          <reporter-output>
          </reporter-output>
        </test-method> <!-- SearchFlightWithValidCountry -->
        <test-method signature="SearchFlightWithValidCountry(java.lang.String,java.lang.String,java.lang.String,java.lang.String)[pri:0, instance:Testcase.MakeMytripSearch@557caf28]" started-at="2024-05-26T14:18:24 IST" name="SearchFlightWithValidCountry" data-provider="GetValidSearchData" finished-at="2024-05-26T14:18:33 IST" duration-ms="8663" status="PASS">
          <params>
            <param index="0">
              <value>
                <![CDATA[GOI]]>
              </value>
            </param>
            <param index="1">
              <value>
                <![CDATA[PNQ]]>
              </value>
            </param>
            <param index="2">
              <value>
                <![CDATA[17]]>
              </value>
            </param>
            <param index="3">
              <value>
                <![CDATA[2]]>
              </value>
            </param>
          </params>
          <reporter-output>
          </reporter-output>
        </test-method> <!-- SearchFlightWithValidCountry -->
        <test-method is-config="true" signature="WriteInReport(org.testng.ITestResult)[pri:0, instance:Testcase.MakeMytripSearch@557caf28]" started-at="2024-05-26T14:18:24 IST" name="WriteInReport" finished-at="2024-05-26T14:18:24 IST" duration-ms="0" status="PASS">
          <params>
            <param index="0">
              <value>
                <![CDATA[[TestResult name=SearchFlightWithValidCountry status=SUCCESS method=MakeMytripSearch.SearchFlightWithValidCountry(java.lang.String,java.lang.String,java.lang.String,java.lang.String)[pri:0, instance:Testcase.MakeMytripSearch@557caf28] output={null}]]]>
              </value>
            </param>
          </params>
          <reporter-output>
          </reporter-output>
        </test-method> <!-- WriteInReport -->
        <test-method is-config="true" signature="WriteInReport(org.testng.ITestResult)[pri:0, instance:Testcase.MakeMytripSearch@557caf28]" started-at="2024-05-26T14:18:33 IST" name="WriteInReport" finished-at="2024-05-26T14:18:33 IST" duration-ms="0" status="PASS">
          <params>
            <param index="0">
              <value>
                <![CDATA[[TestResult name=SearchFlightWithValidCountry status=SUCCESS method=MakeMytripSearch.SearchFlightWithValidCountry(java.lang.String,java.lang.String,java.lang.String,java.lang.String)[pri:0, instance:Testcase.MakeMytripSearch@557caf28] output={null}]]]>
              </value>
            </param>
          </params>
          <reporter-output>
          </reporter-output>
        </test-method> <!-- WriteInReport -->
        <test-method signature="SameCityErroValidation(java.lang.String,java.lang.String)[pri:1, instance:Testcase.MakeMytripSearch@557caf28]" started-at="2024-05-26T14:18:33 IST" name="SameCityErroValidation" data-provider="SameCityValidationData" finished-at="2024-05-26T14:18:35 IST" duration-ms="2254" status="PASS">
          <params>
            <param index="0">
              <value>
                <![CDATA[MAA]]>
              </value>
            </param>
            <param index="1">
              <value>
                <![CDATA[MAA]]>
              </value>
            </param>
          </params>
          <reporter-output>
          </reporter-output>
        </test-method> <!-- SameCityErroValidation -->
        <test-method signature="SameCityErroValidation(java.lang.String,java.lang.String)[pri:1, instance:Testcase.MakeMytripSearch@557caf28]" started-at="2024-05-26T14:18:35 IST" name="SameCityErroValidation" data-provider="SameCityValidationData" finished-at="2024-05-26T14:18:36 IST" duration-ms="1020" status="PASS">
          <params>
            <param index="0">
              <value>
                <![CDATA[PNQ]]>
              </value>
            </param>
            <param index="1">
              <value>
                <![CDATA[PNQ]]>
              </value>
            </param>
          </params>
          <reporter-output>
          </reporter-output>
        </test-method> <!-- SameCityErroValidation -->
        <test-method is-config="true" signature="WriteInReport(org.testng.ITestResult)[pri:0, instance:Testcase.MakeMytripSearch@557caf28]" started-at="2024-05-26T14:18:35 IST" name="WriteInReport" finished-at="2024-05-26T14:18:35 IST" duration-ms="0" status="PASS">
          <params>
            <param index="0">
              <value>
                <![CDATA[[TestResult name=SameCityErroValidation status=SUCCESS method=MakeMytripSearch.SameCityErroValidation(java.lang.String,java.lang.String)[pri:1, instance:Testcase.MakeMytripSearch@557caf28] output={null}]]]>
              </value>
            </param>
          </params>
          <reporter-output>
          </reporter-output>
        </test-method> <!-- WriteInReport -->
        <test-method signature="SameCityErroValidation(java.lang.String,java.lang.String)[pri:1, instance:Testcase.MakeMytripSearch@557caf28]" started-at="2024-05-26T14:18:36 IST" name="SameCityErroValidation" data-provider="SameCityValidationData" finished-at="2024-05-26T14:18:37 IST" duration-ms="1230" status="PASS">
          <params>
            <param index="0">
              <value>
                <![CDATA[GOI]]>
              </value>
            </param>
            <param index="1">
              <value>
                <![CDATA[GOI]]>
              </value>
            </param>
          </params>
          <reporter-output>
          </reporter-output>
        </test-method> <!-- SameCityErroValidation -->
        <test-method is-config="true" signature="WriteInReport(org.testng.ITestResult)[pri:0, instance:Testcase.MakeMytripSearch@557caf28]" started-at="2024-05-26T14:18:36 IST" name="WriteInReport" finished-at="2024-05-26T14:18:36 IST" duration-ms="0" status="PASS">
          <params>
            <param index="0">
              <value>
                <![CDATA[[TestResult name=SameCityErroValidation status=SUCCESS method=MakeMytripSearch.SameCityErroValidation(java.lang.String,java.lang.String)[pri:1, instance:Testcase.MakeMytripSearch@557caf28] output={null}]]]>
              </value>
            </param>
          </params>
          <reporter-output>
          </reporter-output>
        </test-method> <!-- WriteInReport -->
        <test-method is-config="true" signature="WriteInReport(org.testng.ITestResult)[pri:0, instance:Testcase.MakeMytripSearch@557caf28]" started-at="2024-05-26T14:18:37 IST" name="WriteInReport" finished-at="2024-05-26T14:18:37 IST" duration-ms="0" status="PASS">
          <params>
            <param index="0">
              <value>
                <![CDATA[[TestResult name=SameCityErroValidation status=SUCCESS method=MakeMytripSearch.SameCityErroValidation(java.lang.String,java.lang.String)[pri:1, instance:Testcase.MakeMytripSearch@557caf28] output={null}]]]>
              </value>
            </param>
          </params>
          <reporter-output>
          </reporter-output>
        </test-method> <!-- WriteInReport -->
        <test-method is-config="true" signature="Teardown()[pri:0, instance:Testcase.MakeMytripSearch@557caf28]" started-at="2024-05-26T14:18:37 IST" name="Teardown" finished-at="2024-05-26T14:18:39 IST" duration-ms="1447" status="PASS">
          <reporter-output>
          </reporter-output>
        </test-method> <!-- Teardown -->
      </class> <!-- Testcase.MakeMytripSearch -->
    </test> <!-- Default test -->
  </suite> <!-- Default suite -->
</testng-results>
